<?xml version="1.0" encoding="UTF-8"?>
<testsuite name="test.tests" tests="3" skipped="0" failures="0" errors="0" timestamp="2022-08-27T02:26:55" hostname="DESKTOP-4S3GDVP" time="0.019">
  <properties/>
  <testcase name="edgeSeatObserverCount" classname="test.tests" time="0.004"/>
  <testcase name="middleSeatsCount" classname="test.tests" time="0.0"/>
  <testcase name="seatTakenTest" classname="test.tests" time="0.015"/>
  <system-out><![CDATA[]]></system-out>
  <system-err><![CDATA[]]></system-err>
</testsuite>
